# JRE version: Java(TM) SE Runtime Environment (11.0.2+9) (build 11.0.2+9-LTS)
# Java VM: Java HotSpot(TM) 64-Bit Server VM (11.0.2+9-LTS, mixed mode, tiered, compressed oops, g1 gc, bsd-amd64)
Heap:
 garbage-first heap   total 131072K, used 42318K [0x0000000780000000, 0x0000000800000000)
  region size 1024K, 40 young (40960K), 3 survivors (3072K)
 Metaspace       used 29593K, capacity 30313K, committed 30512K, reserved 1077248K
  class space    used 3341K, capacity 3620K, committed 3712K, reserved 1048576K
GC Heap History (6 events):
Event: 1.194 GC heap before
{Heap before GC invocations=0 (full 0):
 garbage-first heap   total 131072K, used 13312K [0x0000000780000000, 0x0000000800000000)
  region size 1024K, 14 young (14336K), 0 survivors (0K)
 Metaspace       used 12327K, capacity 12584K, committed 12800K, reserved 1060864K
  class space    used 1199K, capacity 1279K, committed 1280K, reserved 1048576K
}
Event: 1.200 GC heap after
{Heap after GC invocations=1 (full 0):
 garbage-first heap   total 131072K, used 3029K [0x0000000780000000, 0x0000000800000000)
  region size 1024K, 2 young (2048K), 2 survivors (2048K)
 Metaspace       used 12327K, capacity 12584K, committed 12800K, reserved 1060864K
  class space    used 1199K, capacity 1279K, committed 1280K, reserved 1048576K
}
Event: 4.133 GC heap before
{Heap before GC invocations=1 (full 0):
 garbage-first heap   total 131072K, used 14293K [0x0000000780000000, 0x0000000800000000)
  region size 1024K, 13 young (13312K), 2 survivors (2048K)
 Metaspace       used 14875K, capacity 15136K, committed 15488K, reserved 1062912K
  class space    used 1510K, capacity 1618K, committed 1664K, reserved 1048576K
}
Event: 4.138 GC heap after
{Heap after GC invocations=2 (full 0):
 garbage-first heap   total 131072K, used 3738K [0x0000000780000000, 0x0000000800000000)
  region size 1024K, 1 young (1024K), 1 survivors (1024K)
 Metaspace       used 14875K, capacity 15136K, committed 15488K, reserved 1062912K
  class space    used 1510K, capacity 1618K, committed 1664K, reserved 1048576K
}
Event: 4.963 GC heap before
{Heap before GC invocations=2 (full 0):
 garbage-first heap   total 131072K, used 26266K [0x0000000780000000, 0x0000000800000000)
  region size 1024K, 24 young (24576K), 1 survivors (1024K)
 Metaspace       used 20711K, capacity 21117K, committed 21296K, reserved 1069056K
  class space    used 2244K, capacity 2415K, committed 2432K, reserved 1048576K
}
Event: 4.970 GC heap after
{Heap after GC invocations=3 (full 0):
 garbage-first heap   total 131072K, used 5454K [0x0000000780000000, 0x0000000800000000)
  region size 1024K, 3 young (3072K), 3 survivors (3072K)
 Metaspace       used 20711K, capacity 21117K, committed 21296K, reserved 1069056K
  class space    used 2244K, capacity 2415K, committed 2432K, reserved 1048576K
}

