<?xml version="1.0" encoding="UTF-8"?>
<!-- Generated by org.testng.reporters.JUnitXMLReporter -->
<testsuite ignored="4" hostname="sushils-MacBook-Air.local" failures="0" tests="2" name="Default test" time="20.345" errors="0" timestamp="2020-02-03T19:29:22 IST">
  <testcase classname="com.test.parabank.TestAdminPage" name="triggerBrowser" time="9.778"/>
  <testcase classname="com.test.parabank.TestAdminPage" name="testApplicationSettings" time="10.497"/>
  <testcase classname="com.test.parabank.TestAdminPage" name="applicationSettings" time="0.0">
    <ignored/>
  </testcase> <!-- applicationSettings -->
  <testcase classname="com.test.parabank.TestAdminPage" name="adminTest" time="0.0">
    <ignored/>
  </testcase> <!-- adminTest -->
  <testcase classname="com.test.parabank.TestAdminPage" name="testWebService" time="0.0">
    <ignored/>
  </testcase> <!-- testWebService -->
  <testcase classname="com.test.parabank.TestAdminPage" name="testAccessMode" time="0.0">
    <ignored/>
  </testcase> <!-- testAccessMode -->
</testsuite> <!-- Default test -->
