<?xml version="1.0" encoding="UTF-8"?>
<!-- Generated by org.testng.reporters.JUnitXMLReporter -->
<testsuite ignored="1" hostname="sushils-MacBook-Air.local" failures="0" tests="4" name="Default test" time="17.118" errors="0" timestamp="2020-02-03T17:40:31 IST">
  <testcase classname="com.test.parabank.TestAdminPage" name="adminTest" time="15.07"/>
  <testcase classname="com.test.parabank.TestAdminPage" name="triggerBrowser" time="0.899"/>
  <testcase classname="com.test.parabank.TestAdminPage" name="applicationSettings" time="0.107"/>
  <testcase classname="com.test.parabank.TestAdminPage" name="testAccessMode" time="0.968"/>
  <testcase classname="com.test.parabank.TestAdminPage" name="testWebService" time="0.0">
    <ignored/>
  </testcase> <!-- testWebService -->
</testsuite> <!-- Default test -->
