<?xml version="1.0" encoding="UTF-8"?>
<!-- Generated by org.testng.reporters.JUnitXMLReporter -->
<testsuite ignored="0" hostname="sushils-MacBook-Air.local" failures="2" tests="9" name="Test" time="37.178" errors="0" timestamp="2020-02-05T23:42:30 IST">
  <testcase classname="com.test.parabank.TestHomePage" name="testAboutUs" time="11.975">
    <failure type="org.openqa.selenium.InvalidSelectorException" message="Given xpath expression &amp;quot;//div[@id=&amp;apos;rightPanel&amp;apos;]/p[1]/&amp;quot; is invalid: SyntaxError: The expression is not a legal expression.
For documentation on this error, please visit: https://www.seleniumhq.org/exceptions/invalid_selector_exception.html
Build info: version: &amp;apos;3.141.59&amp;apos;, revision: &amp;apos;e82be7d358&amp;apos;, time: &amp;apos;2018-11-14T08:17:03&amp;apos;
System info: host: &amp;apos;sushils-MacBook-Air.local&amp;apos;, ip: &amp;apos;fe80:0:0:0:8f1:8bd1:7a4f:2a72%en0&amp;apos;, os.name: &amp;apos;Mac OS X&amp;apos;, os.arch: &amp;apos;x86_64&amp;apos;, os.version: &amp;apos;10.15.2&amp;apos;, java.version: &amp;apos;11.0.2&amp;apos;
Driver info: org.openqa.selenium.firefox.FirefoxDriver
Capabilities {acceptInsecureCerts: true, browserName: firefox, browserVersion: 72.0.2, javascriptEnabled: true, moz:accessibilityChecks: false, moz:buildID: 20200117190643, moz:geckodriverVersion: 0.26.0, moz:headless: false, moz:processID: 5998, moz:profile: /var/folders/9f/v16xhxxs6gg..., moz:shutdownTimeout: 60000, moz:useNonSpecCompliantPointerOrigin: false, moz:webdriverClick: true, pageLoadStrategy: normal, platform: MAC, platformName: MAC, platformVersion: 19.2.0, rotatable: false, setWindowRect: true, strictFileInteractability: false, timeouts: {implicit: 0, pageLoad: 300000, script: 30000}, unhandledPromptBehavior: dismiss and notify}
Session ID: 53e0aced-412c-5441-bc16-f2776d71736f
*** Element info: {Using=xpath, value=//div[@id=&amp;apos;rightPanel&amp;apos;]/p[1]/}">
      <![CDATA[org.openqa.selenium.InvalidSelectorException: Given xpath expression "//div[@id='rightPanel']/p[1]/" is invalid: SyntaxError: The expression is not a legal expression.
For documentation on this error, please visit: https://www.seleniumhq.org/exceptions/invalid_selector_exception.html
Build info: version: '3.141.59', revision: 'e82be7d358', time: '2018-11-14T08:17:03'
System info: host: 'sushils-MacBook-Air.local', ip: 'fe80:0:0:0:8f1:8bd1:7a4f:2a72%en0', os.name: 'Mac OS X', os.arch: 'x86_64', os.version: '10.15.2', java.version: '11.0.2'
Driver info: org.openqa.selenium.firefox.FirefoxDriver
Capabilities {acceptInsecureCerts: true, browserName: firefox, browserVersion: 72.0.2, javascriptEnabled: true, moz:accessibilityChecks: false, moz:buildID: 20200117190643, moz:geckodriverVersion: 0.26.0, moz:headless: false, moz:processID: 5998, moz:profile: /var/folders/9f/v16xhxxs6gg..., moz:shutdownTimeout: 60000, moz:useNonSpecCompliantPointerOrigin: false, moz:webdriverClick: true, pageLoadStrategy: normal, platform: MAC, platformName: MAC, platformVersion: 19.2.0, rotatable: false, setWindowRect: true, strictFileInteractability: false, timeouts: {implicit: 0, pageLoad: 300000, script: 30000}, unhandledPromptBehavior: dismiss and notify}
Session ID: 53e0aced-412c-5441-bc16-f2776d71736f
*** Element info: {Using=xpath, value=//div[@id='rightPanel']/p[1]/}
at org.openqa.selenium.remote.http.W3CHttpResponseCodec.createException(W3CHttpResponseCodec.java:187)
at org.openqa.selenium.remote.http.W3CHttpResponseCodec.decode(W3CHttpResponseCodec.java:122)
at org.openqa.selenium.remote.http.W3CHttpResponseCodec.decode(W3CHttpResponseCodec.java:49)
at org.openqa.selenium.remote.HttpCommandExecutor.execute(HttpCommandExecutor.java:158)
at org.openqa.selenium.remote.service.DriverCommandExecutor.execute(DriverCommandExecutor.java:83)
at org.openqa.selenium.remote.RemoteWebDriver.execute(RemoteWebDriver.java:552)
at org.openqa.selenium.remote.RemoteWebDriver.findElement(RemoteWebDriver.java:323)
at org.openqa.selenium.remote.RemoteWebDriver.findElementByXPath(RemoteWebDriver.java:428)
at org.openqa.selenium.By$ByXPath.findElement(By.java:353)
at org.openqa.selenium.remote.RemoteWebDriver.findElement(RemoteWebDriver.java:315)
at org.openqa.selenium.support.pagefactory.DefaultElementLocator.findElement(DefaultElementLocator.java:69)
at org.openqa.selenium.support.pagefactory.internal.LocatingElementHandler.invoke(LocatingElementHandler.java:38)
at com.sun.proxy.$Proxy15.getText(Unknown Source)
at com.test.parabank.TestHomePage.testAboutUs(TestHomePage.java:55)
at java.base/java.util.ArrayList.forEach(ArrayList.java:1540)
... Removed 31 stack frames]]>
    </failure>
  </testcase> <!-- testAboutUs -->
  <testcase classname="com.test.parabank.TestHomePage" name="testCustomerCare" time="2.909"/>
  <testcase classname="com.test.parabank.TestAdminPage" name="adminTest" time="5.902"/>
  <testcase classname="com.test.parabank.TestAdminPage" name="failTheTest" time="0.003">
    <failure type="java.lang.AssertionError" message="expected [-1] but found [1]">
      <![CDATA[java.lang.AssertionError: expected [-1] but found [1]
at com.test.parabank.TestAdminPage.failTheTest(TestAdminPage.java:137)
at java.base/java.util.ArrayList.forEach(ArrayList.java:1540)
... Removed 32 stack frames]]>
    </failure>
  </testcase> <!-- failTheTest -->
  <testcase classname="com.test.parabank.TestAdminPage" name="triggerBrowser" time="0.943"/>
  <testcase classname="com.test.parabank.TestAdminPage" name="applicationSettings" time="0.067"/>
  <testcase classname="com.test.parabank.TestAdminPage" name="testAccessMode" time="0.967"/>
  <testcase classname="com.test.parabank.TestAdminPage" name="testApplicationSettings" time="7.981"/>
  <testcase classname="com.test.parabank.TestAdminPage" name="testWebService" time="1.969"/>
</testsuite> <!-- Test -->
