<?xml version="1.0" encoding="UTF-8"?>
<!-- Generated by org.testng.reporters.JUnitXMLReporter -->
<testsuite ignored="1" hostname="sushils-MacBook-Air.local" failures="0" tests="7" name="Test" time="31.081" errors="0" timestamp="2020-02-03T20:15:19 IST">
  <testcase classname="com.test.parabank.TestHomePage" name="testCustomerCare" time="12.279"/>
  <testcase classname="com.test.parabank.TestAdminPage" name="adminTest" time="6.756"/>
  <testcase classname="com.test.parabank.TestAdminPage" name="triggerBrowser" time="0.988"/>
  <testcase classname="com.test.parabank.TestAdminPage" name="applicationSettings" time="0.075"/>
  <testcase classname="com.test.parabank.TestAdminPage" name="testAccessMode" time="0.958"/>
  <testcase classname="com.test.parabank.TestAdminPage" name="testApplicationSettings" time="8.254"/>
  <testcase classname="com.test.parabank.TestAdminPage" name="testWebService" time="1.703"/>
  <testcase classname="com.test.parabank.TestHomePage" name="testAboutUs" time="0.0">
    <ignored/>
  </testcase> <!-- testAboutUs -->
</testsuite> <!-- Test -->
