<?xml version="1.0" encoding="UTF-8"?>
<!-- Generated by org.testng.reporters.JUnitXMLReporter -->
<testsuite ignored="3" hostname="sushils-MacBook-Air.local" failures="0" tests="3" name="Command line test" time="13.162" errors="0" timestamp="2020-02-01T09:01:34 IST">
  <testcase classname="com.test.parabank.TestHomePage" name="testCustomerCare" time="10.928"/>
  <testcase classname="com.test.parabank.TestAdminPage" name="triggerBrowser" time="1.092"/>
  <testcase classname="com.test.parabank.TestAdminPage" name="testWebService" time="1.09"/>
  <testcase classname="com.test.parabank.TestAdminPage" name="adminTest" time="0.0">
    <ignored/>
  </testcase> <!-- adminTest -->
  <testcase classname="com.test.parabank.TestHomePage" name="testAboutUs" time="0.0">
    <ignored/>
  </testcase> <!-- testAboutUs -->
  <testcase classname="com.test.parabank.TestAdminPage" name="testAccessMode" time="0.0">
    <ignored/>
  </testcase> <!-- testAccessMode -->
</testsuite> <!-- Command line test -->
