<?xml version="1.0" encoding="UTF-8"?>
<testsuite xmlns:xsi="http://www.w3.org/2001/XMLSchema-instance" xsi:noNamespaceSchemaLocation="https://maven.apache.org/surefire/maven-surefire-plugin/xsd/surefire-test-report-3.0.xsd" version="3.0" name="TestSuite" time="26.315" tests="2" errors="0" skipped="0" failures="0">
  <properties>
[...]
</properties>
  <testcase name="testAboutUs" classname="com.test.parabank.TestHomePage" time="23.988"/>
  <testcase name="testCustomerCare" classname="com.test.parabank.TestHomePage" time="1.638"/>
</testsuite>