<?xml version="1.0" encoding="UTF-8"?>
<testng-results ignored="0" total="1" passed="1" failed="0" skipped="0">
  <reporter-output>
  </reporter-output>
  <suite started-at="2020-01-30T17:04:05 IST" name="Default suite" finished-at="2020-01-30T17:04:17 IST" duration-ms="12232">
    <groups>
    </groups>
    <test started-at="2020-01-30T17:04:05 IST" name="Default test" finished-at="2020-01-30T17:04:17 IST" duration-ms="12232">
      <class name="com.test.parabank.TestAdminPage">
        <test-method signature="adminTest()[pri:0, instance:com.test.parabank.TestAdminPage@5552768b]" started-at="2020-01-30T17:04:05 IST" name="adminTest" finished-at="2020-01-30T17:04:17 IST" duration-ms="12205" status="PASS">
          <reporter-output>
          </reporter-output>
        </test-method> <!-- adminTest -->
        <test-method is-config="true" signature="cleanUp()[pri:0, instance:com.test.parabank.TestAdminPage@5552768b]" started-at="2020-01-30T17:04:17 IST" name="cleanUp" finished-at="2020-01-30T17:04:17 IST" duration-ms="55" status="PASS">
          <reporter-output>
          </reporter-output>
        </test-method> <!-- cleanUp -->
      </class> <!-- com.test.parabank.TestAdminPage -->
    </test> <!-- Default test -->
  </suite> <!-- Default suite -->
</testng-results>
