<?xml version="1.0" encoding="UTF-8"?>
<testng-results ignored="1" total="2" passed="1" failed="0" skipped="0">
  <reporter-output>
  </reporter-output>
  <suite started-at="2020-02-02T23:23:26 IST" name="Default suite" finished-at="2020-02-02T23:23:38 IST" duration-ms="11573">
    <groups>
    </groups>
    <test started-at="2020-02-02T23:23:26 IST" name="Default test" finished-at="2020-02-02T23:23:38 IST" duration-ms="11573">
      <class name="com.test.parabank.TestHomePage">
        <test-method signature="testCustomerCare()[pri:0, instance:com.test.parabank.TestHomePage@25b2cfcb]" started-at="2020-02-02T23:23:26 IST" name="testCustomerCare" finished-at="2020-02-02T23:23:38 IST" duration-ms="11504" status="PASS">
          <reporter-output>
          </reporter-output>
        </test-method> <!-- testCustomerCare -->
        <test-method is-config="true" signature="quiteBrowser()[pri:0, instance:com.test.parabank.TestHomePage@25b2cfcb]" started-at="2020-02-02T23:23:38 IST" name="quiteBrowser" finished-at="2020-02-02T23:23:39 IST" duration-ms="1788" status="PASS">
          <reporter-output>
          </reporter-output>
        </test-method> <!-- quiteBrowser -->
      </class> <!-- com.test.parabank.TestHomePage -->
    </test> <!-- Default test -->
  </suite> <!-- Default suite -->
</testng-results>
